<?xml version="1.0" encoding="UTF-8"?>
<robot generator="Robot 5.0 (Python 3.10.3 on win32)" generated="20220510 12:02:56.206" rpa="false" schemaversion="3">
<suite id="s1" name="Verify Valid Credential Swite" source="C:\Users\kavit\Downloads\robot_project\orangeHRMautomation\Loginswite\verify_valid_credential_swite.robot">
<test id="s1-t1" name="TC1" line="14">
<kw name="Launch Browser" library="commonfunctionality" type="SETUP">
<kw name="Append To Environment Variable" library="OperatingSystem">
<arg>path</arg>
<arg>${EXECDIR}${/}driver</arg>
<doc>Appends given ``values`` to environment variable ``name``.</doc>
<msg timestamp="20220510 12:02:56.795" level="INFO">Environment variable 'path' set to value 'C:\Program Files\Common Files\Oracle\Java\javapath;C:\windows\system32;C:\windows;C:\windows\System32\Wbem;C:\windows\System32\WindowsPowerShell\v1.0\;C:\windows\System32\OpenSSH\;C:\Program Files (x86)\NVIDIA Corporation\PhysX\Common;C:\Program Files\NVIDIA Corporation\NVIDIA NvDLISR;C:\MinGW\mingw32\bin;C:\MinGW\mingw32\bin;C:\Users\kavit\AppData\Local\Programs\Microsoft VS Code\MinGW\mingw32\bin;C:\Users\kavit\AppData\Local\Programs\Microsoft VS Code\MinGW\bin;C:\Program Files\Git\cmd;C;C:\Program Files\MySQL\MySQL Server 8.0\bin;C:\Users\kavit\AppData\Local\Programs\Python\Python310;C:\Users\kavit\AppData\Local\Programs\Python\Python310\Scripts;C:\Users\kavit\AppData\Local\Programs\Python\Python310;C:\Users\kavit\AppData\Local\Programs\Python\Python310\Scripts;C:\Users\kavit\AppData\Local\Programs\Python\Python310\Scripts\;C:\Users\kavit\AppData\Local\Programs\Python\Python310\;C:\Program Files\MySQL\MySQL Shell 8.0\bin\;C:\Users\kavit\AppData\Local\Microsoft\WindowsApps;C:\Users\kavit\AppData\Local\Programs\Microsoft VS Code\bin;C:\MinGW\bin;C:\Program Files\Cppcheck;;C:\Program Files\JetBrains\PyCharm Community Edition 2022.1\bin;;C:\Users\kavit\Downloads\robot_project\orangeHRMautomation\driver'.</msg>
<status status="PASS" starttime="20220510 12:02:56.795" endtime="20220510 12:02:56.795"/>
</kw>
<kw name="Open Browser" library="SeleniumLibrary">
<arg>browser=chrome</arg>
<doc>Opens a new browser instance to the optional ``url``.</doc>
<msg timestamp="20220510 12:02:56.796" level="INFO">Opening browser 'chrome' to base url 'None'.</msg>
<status status="PASS" starttime="20220510 12:02:56.795" endtime="20220510 12:02:57.889"/>
</kw>
<kw name="Maximize Browser Window" library="SeleniumLibrary">
<doc>Maximizes current browser window.</doc>
<status status="PASS" starttime="20220510 12:02:57.889" endtime="20220510 12:02:58.007"/>
</kw>
<kw name="Set Selenium Implicit Wait" library="SeleniumLibrary">
<arg>30s</arg>
<doc>Sets the implicit wait value used by Selenium.</doc>
<status status="PASS" starttime="20220510 12:02:58.007" endtime="20220510 12:02:58.008"/>
</kw>
<kw name="Set Screenshot Directory" library="SeleniumLibrary">
<arg>${EXECDIR}${/}screenshot</arg>
<doc>Sets the directory for captured screenshots.</doc>
<status status="PASS" starttime="20220510 12:02:58.008" endtime="20220510 12:02:58.009"/>
</kw>
<kw name="Go To" library="SeleniumLibrary">
<arg>${URL}</arg>
<doc>Navigates the current browser window to the provided ``url``.</doc>
<msg timestamp="20220510 12:02:58.009" level="INFO">Opening url 'https://opensource-demo.orangehrmlive.com/'</msg>
<status status="PASS" starttime="20220510 12:02:58.009" endtime="20220510 12:03:02.637"/>
</kw>
<status status="PASS" starttime="20220510 12:02:56.795" endtime="20220510 12:03:02.637"/>
</kw>
<kw name="valid Credential Template">
<arg>Admin </arg>
<arg>admin123 </arg>
<arg>My Info</arg>
<kw name="Input Text" library="SeleniumLibrary">
<arg>id=txtUsername</arg>
<arg>${username}</arg>
<doc>Types the given ``text`` into the text field identified by ``locator``.</doc>
<msg timestamp="20220510 12:03:02.638" level="INFO">Typing text 'Admin ' into text field 'id=txtUsername'.</msg>
<status status="PASS" starttime="20220510 12:03:02.638" endtime="20220510 12:03:02.686"/>
</kw>
<kw name="Input Password" library="SeleniumLibrary">
<arg>id=txtPassword</arg>
<arg>${password}</arg>
<doc>Types the given password into the text field identified by ``locator``.</doc>
<msg timestamp="20220510 12:03:02.686" level="INFO">Typing password into text field 'id=txtPassword'.</msg>
<msg timestamp="20220510 12:03:02.707" level="INFO">Temporally setting log level to: NONE</msg>
<msg timestamp="20220510 12:03:02.730" level="INFO">Log level changed from NONE to INFO.</msg>
<status status="PASS" starttime="20220510 12:03:02.686" endtime="20220510 12:03:02.730"/>
</kw>
<kw name="Click Element" library="SeleniumLibrary">
<arg>id=btnLogin</arg>
<doc>Click the element identified by ``locator``.</doc>
<msg timestamp="20220510 12:03:02.730" level="INFO">Clicking element 'id=btnLogin'.</msg>
<status status="PASS" starttime="20220510 12:03:02.730" endtime="20220510 12:03:03.963"/>
</kw>
<kw name="Page Should Contain" library="SeleniumLibrary">
<arg>${expected}</arg>
<doc>Verifies that current page contains ``text``.</doc>
<msg timestamp="20220510 12:04:04.172" level="INFO" html="true">&lt;/td&gt;&lt;/tr&gt;&lt;tr&gt;&lt;td colspan="3"&gt;&lt;a href="screenshot/selenium-screenshot-3.png"&gt;&lt;img src="screenshot/selenium-screenshot-3.png" width="800px"&gt;&lt;/a&gt;</msg>
<msg timestamp="20220510 12:04:04.173" level="FAIL">Page should have contained text 'My Info' but did not.</msg>
<status status="FAIL" starttime="20220510 12:03:03.963" endtime="20220510 12:04:04.174"/>
</kw>
<status status="FAIL" starttime="20220510 12:03:02.638" endtime="20220510 12:04:04.175"/>
</kw>
<kw name="Close Browser" library="SeleniumLibrary" type="TEARDOWN">
<doc>Closes the current browser.</doc>
<status status="PASS" starttime="20220510 12:04:04.175" endtime="20220510 12:04:06.232"/>
</kw>
<status status="FAIL" starttime="20220510 12:02:56.793" endtime="20220510 12:04:06.233">Page should have contained text 'My Info' but did not.</status>
</test>
<test id="s1-t2" name="TC1" line="14">
<kw name="Launch Browser" library="commonfunctionality" type="SETUP">
<kw name="Append To Environment Variable" library="OperatingSystem">
<arg>path</arg>
<arg>${EXECDIR}${/}driver</arg>
<doc>Appends given ``values`` to environment variable ``name``.</doc>
<msg timestamp="20220510 12:04:06.236" level="INFO">Environment variable 'path' set to value 'C:\Program Files\Common Files\Oracle\Java\javapath;C:\windows\system32;C:\windows;C:\windows\System32\Wbem;C:\windows\System32\WindowsPowerShell\v1.0\;C:\windows\System32\OpenSSH\;C:\Program Files (x86)\NVIDIA Corporation\PhysX\Common;C:\Program Files\NVIDIA Corporation\NVIDIA NvDLISR;C:\MinGW\mingw32\bin;C:\MinGW\mingw32\bin;C:\Users\kavit\AppData\Local\Programs\Microsoft VS Code\MinGW\mingw32\bin;C:\Users\kavit\AppData\Local\Programs\Microsoft VS Code\MinGW\bin;C:\Program Files\Git\cmd;C;C:\Program Files\MySQL\MySQL Server 8.0\bin;C:\Users\kavit\AppData\Local\Programs\Python\Python310;C:\Users\kavit\AppData\Local\Programs\Python\Python310\Scripts;C:\Users\kavit\AppData\Local\Programs\Python\Python310;C:\Users\kavit\AppData\Local\Programs\Python\Python310\Scripts;C:\Users\kavit\AppData\Local\Programs\Python\Python310\Scripts\;C:\Users\kavit\AppData\Local\Programs\Python\Python310\;C:\Program Files\MySQL\MySQL Shell 8.0\bin\;C:\Users\kavit\AppData\Local\Microsoft\WindowsApps;C:\Users\kavit\AppData\Local\Programs\Microsoft VS Code\bin;C:\MinGW\bin;C:\Program Files\Cppcheck;;C:\Program Files\JetBrains\PyCharm Community Edition 2022.1\bin;;C:\Users\kavit\Downloads\robot_project\orangeHRMautomation\driver;C:\Users\kavit\Downloads\robot_project\orangeHRMautomation\driver'.</msg>
<status status="PASS" starttime="20220510 12:04:06.236" endtime="20220510 12:04:06.236"/>
</kw>
<kw name="Open Browser" library="SeleniumLibrary">
<arg>browser=chrome</arg>
<doc>Opens a new browser instance to the optional ``url``.</doc>
<msg timestamp="20220510 12:04:06.236" level="INFO">Opening browser 'chrome' to base url 'None'.</msg>
<status status="PASS" starttime="20220510 12:04:06.236" endtime="20220510 12:04:07.339"/>
</kw>
<kw name="Maximize Browser Window" library="SeleniumLibrary">
<doc>Maximizes current browser window.</doc>
<status status="PASS" starttime="20220510 12:04:07.340" endtime="20220510 12:04:07.454"/>
</kw>
<kw name="Set Selenium Implicit Wait" library="SeleniumLibrary">
<arg>30s</arg>
<doc>Sets the implicit wait value used by Selenium.</doc>
<status status="PASS" starttime="20220510 12:04:07.454" endtime="20220510 12:04:07.455"/>
</kw>
<kw name="Set Screenshot Directory" library="SeleniumLibrary">
<arg>${EXECDIR}${/}screenshot</arg>
<doc>Sets the directory for captured screenshots.</doc>
<status status="PASS" starttime="20220510 12:04:07.455" endtime="20220510 12:04:07.455"/>
</kw>
<kw name="Go To" library="SeleniumLibrary">
<arg>${URL}</arg>
<doc>Navigates the current browser window to the provided ``url``.</doc>
<msg timestamp="20220510 12:04:07.455" level="INFO">Opening url 'https://opensource-demo.orangehrmlive.com/'</msg>
<status status="PASS" starttime="20220510 12:04:07.455" endtime="20220510 12:04:11.482"/>
</kw>
<status status="PASS" starttime="20220510 12:04:06.236" endtime="20220510 12:04:11.482"/>
</kw>
<kw name="valid Credential Template">
<arg>Admin </arg>
<arg>admin123 </arg>
<arg> Welcome</arg>
<kw name="Input Text" library="SeleniumLibrary">
<arg>id=txtUsername</arg>
<arg>${username}</arg>
<doc>Types the given ``text`` into the text field identified by ``locator``.</doc>
<msg timestamp="20220510 12:04:11.483" level="INFO">Typing text 'Admin ' into text field 'id=txtUsername'.</msg>
<status status="PASS" starttime="20220510 12:04:11.482" endtime="20220510 12:04:11.535"/>
</kw>
<kw name="Input Password" library="SeleniumLibrary">
<arg>id=txtPassword</arg>
<arg>${password}</arg>
<doc>Types the given password into the text field identified by ``locator``.</doc>
<msg timestamp="20220510 12:04:11.535" level="INFO">Typing password into text field 'id=txtPassword'.</msg>
<msg timestamp="20220510 12:04:11.559" level="INFO">Temporally setting log level to: NONE</msg>
<msg timestamp="20220510 12:04:11.582" level="INFO">Log level changed from NONE to INFO.</msg>
<status status="PASS" starttime="20220510 12:04:11.535" endtime="20220510 12:04:11.582"/>
</kw>
<kw name="Click Element" library="SeleniumLibrary">
<arg>id=btnLogin</arg>
<doc>Click the element identified by ``locator``.</doc>
<msg timestamp="20220510 12:04:11.583" level="INFO">Clicking element 'id=btnLogin'.</msg>
<status status="PASS" starttime="20220510 12:04:11.582" endtime="20220510 12:04:13.122"/>
</kw>
<kw name="Page Should Contain" library="SeleniumLibrary">
<arg>${expected}</arg>
<doc>Verifies that current page contains ``text``.</doc>
<msg timestamp="20220510 12:05:13.393" level="INFO" html="true">&lt;/td&gt;&lt;/tr&gt;&lt;tr&gt;&lt;td colspan="3"&gt;&lt;a href="screenshot/selenium-screenshot-4.png"&gt;&lt;img src="screenshot/selenium-screenshot-4.png" width="800px"&gt;&lt;/a&gt;</msg>
<msg timestamp="20220510 12:05:13.393" level="FAIL">Page should have contained text ' Welcome' but did not.</msg>
<status status="FAIL" starttime="20220510 12:04:13.122" endtime="20220510 12:05:13.394"/>
</kw>
<status status="FAIL" starttime="20220510 12:04:11.482" endtime="20220510 12:05:13.394"/>
</kw>
<kw name="Close Browser" library="SeleniumLibrary" type="TEARDOWN">
<doc>Closes the current browser.</doc>
<status status="PASS" starttime="20220510 12:05:13.395" endtime="20220510 12:05:15.487"/>
</kw>
<status status="FAIL" starttime="20220510 12:04:06.234" endtime="20220510 12:05:15.487">Page should have contained text ' Welcome' but did not.</status>
</test>
<doc>This suite will handle valid credential
test - TC_OH_2</doc>
<status status="FAIL" starttime="20220510 12:02:56.208" endtime="20220510 12:05:15.489"/>
</suite>
<statistics>
<total>
<stat pass="0" fail="2" skip="0">All Tests</stat>
</total>
<tag>
</tag>
<suite>
<stat pass="0" fail="2" skip="0" id="s1" name="Verify Valid Credential Swite">Verify Valid Credential Swite</stat>
</suite>
</statistics>
<errors>
<msg timestamp="20220510 12:04:06.234" level="WARN">Multiple tests with name 'TC1' executed in suite 'Verify Valid Credential Swite'.</msg>
</errors>
</robot>
