<?xml version="1.0" encoding="UTF-8"?>
<robot generator="Robot 5.0 (Python 3.10.3 on win32)" generated="20220510 03:46:57.186" rpa="false" schemaversion="3">
<suite id="s1" name="Verify Emergency Contact Swite" source="C:\Users\kavit\Downloads\robot_project\orangeHRMautomation\MyInfoSwite\verify_emergency_contact_swite.robot">
<test id="s1-t1" name="Emergency Contact Test" line="9">
<kw name="Launch Browser" library="commonfunctionality" type="SETUP">
<kw name="Append To Environment Variable" library="OperatingSystem">
<arg>path</arg>
<arg>${EXECDIR}${/}driver</arg>
<doc>Appends given ``values`` to environment variable ``name``.</doc>
<msg timestamp="20220510 03:46:57.621" level="INFO">Environment variable 'path' set to value 'C:\Program Files\Common Files\Oracle\Java\javapath;C:\windows\system32;C:\windows;C:\windows\System32\Wbem;C:\windows\System32\WindowsPowerShell\v1.0\;C:\windows\System32\OpenSSH\;C:\Program Files (x86)\NVIDIA Corporation\PhysX\Common;C:\Program Files\NVIDIA Corporation\NVIDIA NvDLISR;C:\MinGW\mingw32\bin;C:\MinGW\mingw32\bin;C:\Users\kavit\AppData\Local\Programs\Microsoft VS Code\MinGW\mingw32\bin;C:\Users\kavit\AppData\Local\Programs\Microsoft VS Code\MinGW\bin;C:\Program Files\Git\cmd;C;C:\Program Files\MySQL\MySQL Server 8.0\bin;C:\Users\kavit\AppData\Local\Programs\Python\Python310;C:\Users\kavit\AppData\Local\Programs\Python\Python310\Scripts;C:\Users\kavit\AppData\Local\Programs\Python\Python310;C:\Users\kavit\AppData\Local\Programs\Python\Python310\Scripts;C:\Users\kavit\AppData\Local\Programs\Python\Python310\Scripts\;C:\Users\kavit\AppData\Local\Programs\Python\Python310\;C:\Program Files\MySQL\MySQL Shell 8.0\bin\;C:\Users\kavit\AppData\Local\Microsoft\WindowsApps;C:\Users\kavit\AppData\Local\Programs\Microsoft VS Code\bin;C:\MinGW\bin;C:\Program Files\Cppcheck;;C:\Program Files\JetBrains\PyCharm Community Edition 2022.1\bin;;C:\Users\kavit\Downloads\robot_project\orangeHRMautomation\driver'.</msg>
<status status="PASS" starttime="20220510 03:46:57.621" endtime="20220510 03:46:57.621"/>
</kw>
<kw name="Open Browser" library="SeleniumLibrary">
<arg>browser=chrome</arg>
<doc>Opens a new browser instance to the optional ``url``.</doc>
<msg timestamp="20220510 03:46:57.621" level="INFO">Opening browser 'chrome' to base url 'None'.</msg>
<status status="PASS" starttime="20220510 03:46:57.621" endtime="20220510 03:47:00.450"/>
</kw>
<kw name="Maximize Browser Window" library="SeleniumLibrary">
<doc>Maximizes current browser window.</doc>
<status status="PASS" starttime="20220510 03:47:00.450" endtime="20220510 03:47:00.583"/>
</kw>
<kw name="Set Selenium Implicit Wait" library="SeleniumLibrary">
<arg>30s</arg>
<doc>Sets the implicit wait value used by Selenium.</doc>
<status status="PASS" starttime="20220510 03:47:00.583" endtime="20220510 03:47:00.586"/>
</kw>
<kw name="Go To" library="SeleniumLibrary">
<arg>url=https://opensource-demo.orangehrmlive.com/</arg>
<doc>Navigates the current browser window to the provided ``url``.</doc>
<msg timestamp="20220510 03:47:00.586" level="INFO">Opening url 'https://opensource-demo.orangehrmlive.com/'</msg>
<status status="PASS" starttime="20220510 03:47:00.586" endtime="20220510 03:47:05.502"/>
</kw>
<status status="PASS" starttime="20220510 03:46:57.620" endtime="20220510 03:47:05.502"/>
</kw>
<kw name="Input Text" library="SeleniumLibrary">
<arg>id=txtUsername</arg>
<arg>Admin</arg>
<doc>Types the given ``text`` into the text field identified by ``locator``.</doc>
<msg timestamp="20220510 03:47:05.503" level="INFO">Typing text 'Admin' into text field 'id=txtUsername'.</msg>
<status status="PASS" starttime="20220510 03:47:05.503" endtime="20220510 03:47:05.589"/>
</kw>
<kw name="Input Password" library="SeleniumLibrary">
<arg>id=txtPassword</arg>
<arg>admin123</arg>
<doc>Types the given password into the text field identified by ``locator``.</doc>
<msg timestamp="20220510 03:47:05.590" level="INFO">Typing password into text field 'id=txtPassword'.</msg>
<msg timestamp="20220510 03:47:05.627" level="INFO">Temporally setting log level to: NONE</msg>
<msg timestamp="20220510 03:47:05.673" level="INFO">Log level changed from NONE to INFO.</msg>
<status status="PASS" starttime="20220510 03:47:05.590" endtime="20220510 03:47:05.673"/>
</kw>
<kw name="Click Element" library="SeleniumLibrary">
<arg>id=btnLogin</arg>
<doc>Click the element identified by ``locator``.</doc>
<msg timestamp="20220510 03:47:05.674" level="INFO">Clicking element 'id=btnLogin'.</msg>
<status status="PASS" starttime="20220510 03:47:05.674" endtime="20220510 03:47:10.746"/>
</kw>
<kw name="Click Element" library="SeleniumLibrary">
<arg>link=My Info</arg>
<doc>Click the element identified by ``locator``.</doc>
<msg timestamp="20220510 03:47:10.747" level="INFO">Clicking element 'link=My Info'.</msg>
<status status="PASS" starttime="20220510 03:47:10.747" endtime="20220510 03:47:12.829"/>
</kw>
<kw name="Click Element" library="SeleniumLibrary">
<arg>link=Emergency Contacts</arg>
<doc>Click the element identified by ``locator``.</doc>
<msg timestamp="20220510 03:47:12.830" level="INFO">Clicking element 'link=Emergency Contacts'.</msg>
<status status="PASS" starttime="20220510 03:47:12.830" endtime="20220510 03:47:14.109"/>
</kw>
<kw name="Click Element" library="SeleniumLibrary">
<arg>id=btnAddContact</arg>
<doc>Click the element identified by ``locator``.</doc>
<msg timestamp="20220510 03:47:14.110" level="INFO">Clicking element 'id=btnAddContact'.</msg>
<status status="PASS" starttime="20220510 03:47:14.110" endtime="20220510 03:47:14.164"/>
</kw>
<kw name="Input Text" library="SeleniumLibrary">
<arg>id=emgcontacts_name</arg>
<arg>sathish</arg>
<doc>Types the given ``text`` into the text field identified by ``locator``.</doc>
<msg timestamp="20220510 03:47:14.165" level="INFO">Typing text 'sathish' into text field 'id=emgcontacts_name'.</msg>
<status status="PASS" starttime="20220510 03:47:14.165" endtime="20220510 03:47:14.257"/>
</kw>
<kw name="Input Text" library="SeleniumLibrary">
<arg>id=emgcontacts_relationship</arg>
<arg>brother</arg>
<doc>Types the given ``text`` into the text field identified by ``locator``.</doc>
<msg timestamp="20220510 03:47:14.258" level="INFO">Typing text 'brother' into text field 'id=emgcontacts_relationship'.</msg>
<status status="PASS" starttime="20220510 03:47:14.258" endtime="20220510 03:47:14.342"/>
</kw>
<kw name="Input Text" library="SeleniumLibrary">
<arg>id=emgcontacts_homePhone</arg>
<arg>454554</arg>
<doc>Types the given ``text`` into the text field identified by ``locator``.</doc>
<msg timestamp="20220510 03:47:14.343" level="INFO">Typing text '454554' into text field 'id=emgcontacts_homePhone'.</msg>
<status status="PASS" starttime="20220510 03:47:14.343" endtime="20220510 03:47:14.429"/>
</kw>
<kw name="Input Text" library="SeleniumLibrary">
<arg>id=emgcontacts_mobilePhone</arg>
<arg>454554</arg>
<doc>Types the given ``text`` into the text field identified by ``locator``.</doc>
<msg timestamp="20220510 03:47:14.430" level="INFO">Typing text '454554' into text field 'id=emgcontacts_mobilePhone'.</msg>
<status status="PASS" starttime="20220510 03:47:14.430" endtime="20220510 03:47:14.513"/>
</kw>
<kw name="Input Text" library="SeleniumLibrary">
<arg>id=emgcontacts_workPhone</arg>
<arg>7887</arg>
<doc>Types the given ``text`` into the text field identified by ``locator``.</doc>
<msg timestamp="20220510 03:47:14.514" level="INFO">Typing text '7887' into text field 'id=emgcontacts_workPhone'.</msg>
<status status="PASS" starttime="20220510 03:47:14.514" endtime="20220510 03:47:14.594"/>
</kw>
<kw name="Click Element" library="SeleniumLibrary">
<arg>id=btnSaveEContact</arg>
<doc>Click the element identified by ``locator``.</doc>
<msg timestamp="20220510 03:47:14.595" level="INFO">Clicking element 'id=btnSaveEContact'.</msg>
<status status="PASS" starttime="20220510 03:47:14.595" endtime="20220510 03:47:16.476"/>
</kw>
<kw name="Element Should Contain" library="SeleniumLibrary">
<arg>xpath=//td[@valign='top']</arg>
<arg>sathish</arg>
<doc>Verifies that element ``locator`` contains text ``expected``.</doc>
<msg timestamp="20220510 03:47:16.503" level="INFO">Element 'xpath=//td[@valign='top']' contains text 'sathish'.</msg>
<status status="PASS" starttime="20220510 03:47:16.476" endtime="20220510 03:47:16.503"/>
</kw>
<kw name="Close Browser" library="SeleniumLibrary">
<doc>Closes the current browser.</doc>
<status status="PASS" starttime="20220510 03:47:16.504" endtime="20220510 03:47:18.656"/>
</kw>
<status status="PASS" starttime="20220510 03:46:57.619" endtime="20220510 03:47:18.657"/>
</test>
<doc>This suite will handle
test - TC_OH_2</doc>
<status status="PASS" starttime="20220510 03:46:57.188" endtime="20220510 03:47:18.658"/>
</suite>
<statistics>
<total>
<stat pass="1" fail="0" skip="0">All Tests</stat>
</total>
<tag>
</tag>
<suite>
<stat pass="1" fail="0" skip="0" id="s1" name="Verify Emergency Contact Swite">Verify Emergency Contact Swite</stat>
</suite>
</statistics>
<errors>
</errors>
</robot>
